<?xml version="1.0" encoding="UTF-8"?>
<!-- Generated by org.testng.reporters.JUnitReportReporter -->
<testsuite hostname="swathi" failures="0" tests="1" name="vtiger.OrganizationsTests.CeateOrganizationWithBaseClassTest" time="25.938" errors="0" timestamp="2023-06-08T19:21:02 IST" skipped="0">
  <testcase classname="vtiger.OrganizationsTests.CeateOrganizationWithBaseClassTest" name="createOrg" time="25.938"/>
  <system-out/>
</testsuite> <!-- vtiger.OrganizationsTests.CeateOrganizationWithBaseClassTest -->
