<?xml version="1.0" encoding="UTF-8"?>
<!-- Generated by org.testng.reporters.JUnitReportReporter -->
<testsuite hostname="swathi" failures="0" tests="1" name="vtiger.ProductsTests.CreateProductWithGLAccountWithBaseClassTest" time="18.083" errors="0" timestamp="2023-06-08T19:21:02 IST" skipped="0">
  <testcase classname="vtiger.ProductsTests.CreateProductWithGLAccountWithBaseClassTest" name="createProduct" time="18.083"/>
  <system-out/>
</testsuite> <!-- vtiger.ProductsTests.CreateProductWithGLAccountWithBaseClassTest -->
