<?xml version="1.0" encoding="UTF-8"?>
<!-- Generated by org.testng.reporters.JUnitReportReporter -->
<testsuite hostname="swathi" failures="0" tests="1" name="vtiger.CampaignTests.CreateCamapaignWithProductWithBaseClassTest" time="22.517" errors="0" timestamp="2023-06-08T19:21:02 IST" skipped="0">
  <testcase classname="vtiger.CampaignTests.CreateCamapaignWithProductWithBaseClassTest" name="createCampaignWithProduct" time="22.517"/>
  <system-out/>
</testsuite> <!-- vtiger.CampaignTests.CreateCamapaignWithProductWithBaseClassTest -->
