<?xml version="1.0" encoding="UTF-8"?>
<!-- Generated by org.testng.reporters.JUnitReportReporter -->
<testsuite hostname="swathi" failures="0" tests="1" name="vtiger.OrganizationsTests.CreateNewOrganizationWithDropDownWithBaseClassTest" time="26.526" errors="0" timestamp="2023-06-16T15:41:26 IST" skipped="0">
  <testcase classname="vtiger.OrganizationsTests.CreateNewOrganizationWithDropDownWithBaseClassTest" name="createOrganizatioWithDropDowns" time="26.526"/>
  <system-out>
Navigated to Organizations link Clicked on Create Organization look Up Image Created Organization with Mandatory fields  </system-out>
</testsuite> <!-- vtiger.OrganizationsTests.CreateNewOrganizationWithDropDownWithBaseClassTest -->
