<?xml version="1.0" encoding="UTF-8"?>
<!-- Generated by org.testng.reporters.JUnitReportReporter -->
<testsuite hostname="swathi" failures="0" tests="1" name="vtiger.contactsTests.CreateContactWithOrganizationWithBaseClassTest" time="24.164" errors="0" timestamp="2023-06-16T16:12:52 IST" skipped="0">
  <testcase classname="vtiger.contactsTests.CreateContactWithOrganizationWithBaseClassTest" name="createContactWithOrg" time="24.164"/>
  <system-out/>
</testsuite> <!-- vtiger.contactsTests.CreateContactWithOrganizationWithBaseClassTest -->
