<?xml version="1.0" encoding="UTF-8"?>
<!-- Generated by org.testng.reporters.JUnitReportReporter -->
<testsuite hostname="swathi" failures="0" tests="5" name="vtiger.OrganizationsTests.CreateMultipleOrganizationWithIndustryTest" time="74.384" errors="0" timestamp="2023-05-30T16:26:44 IST" skipped="0">
  <testcase classname="vtiger.OrganizationsTests.CreateMultipleOrganizationWithIndustryTest" name="createMultipleOrg" time="14.601"/>
  <system-out/>
  <testcase classname="vtiger.OrganizationsTests.CreateMultipleOrganizationWithIndustryTest" name="createMultipleOrg" time="16.469"/>
  <system-out/>
  <testcase classname="vtiger.OrganizationsTests.CreateMultipleOrganizationWithIndustryTest" name="createMultipleOrg" time="14.390"/>
  <system-out/>
  <testcase classname="vtiger.OrganizationsTests.CreateMultipleOrganizationWithIndustryTest" name="createMultipleOrg" time="14.485"/>
  <system-out/>
  <testcase classname="vtiger.OrganizationsTests.CreateMultipleOrganizationWithIndustryTest" name="createMultipleOrg" time="14.439"/>
  <system-out/>
</testsuite> <!-- vtiger.OrganizationsTests.CreateMultipleOrganizationWithIndustryTest -->
