<?xml version="1.0" encoding="UTF-8"?>
<!-- Generated by org.testng.reporters.JUnitReportReporter -->
<testsuite hostname="swathi" failures="0" tests="1" name="vtiger.CampaignTests.CreateCampainWithProductTest" time="33.862" errors="0" timestamp="2023-05-26T20:04:22 IST" skipped="0">
  <testcase classname="vtiger.CampaignTests.CreateCampainWithProductTest" name="createCampainWithProduct" time="33.862"/>
  <system-out/>
</testsuite> <!-- vtiger.CampaignTests.CreateCampainWithProductTest -->
