<?xml version="1.0" encoding="UTF-8"?>
<!-- Generated by org.testng.reporters.JUnitReportReporter -->
<testsuite hostname="swathi" failures="0" tests="5" name="vtiger.Practice.DataProviderInterviewQuestion" time="0.008" errors="0" timestamp="2023-05-30T10:08:29 IST" skipped="0">
  <testcase classname="vtiger.Practice.DataProviderInterviewQuestion" name="apparelDetails" time="0.006"/>
  <system-out/>
  <testcase classname="vtiger.Practice.DataProviderInterviewQuestion" name="apparelDetails" time="0.000"/>
  <system-out/>
  <testcase classname="vtiger.Practice.DataProviderInterviewQuestion" name="apparelDetails" time="0.001"/>
  <system-out/>
  <testcase classname="vtiger.Practice.DataProviderInterviewQuestion" name="apparelDetails" time="0.000"/>
  <system-out/>
  <testcase classname="vtiger.Practice.DataProviderInterviewQuestion" name="apparelDetails" time="0.001"/>
  <system-out/>
</testsuite> <!-- vtiger.Practice.DataProviderInterviewQuestion -->
