<?xml version="1.0" encoding="UTF-8"?>
<!-- Generated by org.testng.reporters.JUnitReportReporter -->
<testsuite hostname="swathi" failures="0" tests="5" name="vtiger.Practice.TestNGPractice" time="0.015" errors="0" timestamp="2023-05-26T20:32:34 IST" skipped="1">
  <testcase classname="vtiger.Practice.TestNGPractice" name="modify" time="0.012"/>
  <system-out/>
  <testcase classname="vtiger.Practice.TestNGPractice" name="create" time="0.001"/>
  <system-out/>
  <testcase classname="vtiger.Practice.TestNGPractice" name="create" time="0.001"/>
  <system-out/>
  <testcase classname="vtiger.Practice.TestNGPractice" name="create" time="0.001"/>
  <system-out/>
  <testcase classname="vtiger.Practice.TestNGPractice" name="delete">
    <skipped/>
  </testcase> <!-- delete -->
  <system-out/>
</testsuite> <!-- vtiger.Practice.TestNGPractice -->
